#
# There is insufficient memory for the Java Runtime Environment to continue.
# Native memory allocation (malloc) failed to allocate 46896 bytes for Chunk::new
# Possible reasons:
#   The system is out of physical RAM or swap space
#   The process is running with CompressedOops enabled, and the Java Heap may be blocking the growth of the native heap
# Possible solutions:
#   Reduce memory load on the system
#   Increase physical memory or swap space
#   Check if swap backing store is full
#   Decrease Java heap size (-Xmx/-Xms)
#   Decrease number of Java threads
#   Decrease Java thread stack sizes (-Xss)
#   Set larger code cache with -XX:ReservedCodeCacheSize=
#   JVM is running with Zero Based Compressed Oops mode in which the Java heap is
#     placed in the first 32GB address space. The Java Heap base address is the
#     maximum limit for the native heap growth. Please use -XX:HeapBaseMinAddress
#     to set the Java Heap base and to place the Java Heap above 32GB virtual address.
# This output file may be truncated or incomplete.
#
#  Out of Memory Error (allocation.cpp:389), pid=16408, tid=0x0000000000003f20
#
# JRE version: Java(TM) SE Runtime Environment (8.0_361) (build 1.8.0_361-b09)
# Java VM: Java HotSpot(TM) 64-Bit Server VM (25.361-b09 mixed mode windows-amd64 compressed oops)
# Failed to write core dump. Minidumps are not enabled by default on client versions of Windows
#

---------------  T H R E A D  ---------------

Current thread (0x0000028d88bd3000):  JavaThread "C2 CompilerThread6" daemon [_thread_in_native, id=16160, stack(0x000000c283c00000,0x000000c283d00000)]

Stack: [0x000000c283c00000,0x000000c283d00000]
Native frames: (J=compiled Java code, j=interpreted, Vv=VM code, C=native code)
V  [jvm.dll+0x3317a9]


Current CompileTask:
C2:  15746 1455  s    4       java.io.BufferedInputStream::read (113 bytes)


---------------  P R O C E S S  ---------------

Java Threads: ( => current thread )
  0x0000028d8eef6800 JavaThread "D3D Screen Updater" daemon [_thread_blocked, id=28876, stack(0x000000c285700000,0x000000c285800000)]
  0x0000028d899e9000 JavaThread "AWT-EventQueue-0" [_thread_blocked, id=21240, stack(0x000000c285400000,0x000000c285500000)]
  0x0000028d896bf800 JavaThread "AWT-Windows" daemon [_thread_in_native, id=38284, stack(0x000000c284600000,0x000000c284700000)]
  0x0000028d89668800 JavaThread "AWT-Shutdown" [_thread_blocked, id=38828, stack(0x000000c284500000,0x000000c284600000)]
  0x0000028d89667800 JavaThread "Java2D Disposer" daemon [_thread_blocked, id=34460, stack(0x000000c284400000,0x000000c284500000)]
  0x0000028d88cab800 JavaThread "Service Thread" daemon [_thread_blocked, id=38244, stack(0x000000c284200000,0x000000c284300000)]
  0x0000028d88bcd000 JavaThread "C1 CompilerThread11" daemon [_thread_blocked, id=35420, stack(0x000000c284100000,0x000000c284200000)]
  0x0000028d88bcc800 JavaThread "C1 CompilerThread10" daemon [_thread_blocked, id=38148, stack(0x000000c284000000,0x000000c284100000)]
  0x0000028d88bd2800 JavaThread "C1 CompilerThread9" daemon [_thread_blocked, id=15620, stack(0x000000c283f00000,0x000000c284000000)]
  0x0000028d88bd1800 JavaThread "C1 CompilerThread8" daemon [_thread_blocked, id=33216, stack(0x000000c283e00000,0x000000c283f00000)]
  0x0000028d88bce800 JavaThread "C2 CompilerThread7" daemon [_thread_blocked, id=37268, stack(0x000000c283d00000,0x000000c283e00000)]
=>0x0000028d88bd3000 JavaThread "C2 CompilerThread6" daemon [_thread_in_native, id=16160, stack(0x000000c283c00000,0x000000c283d00000)]
  0x0000028d88bcb000 JavaThread "C2 CompilerThread5" daemon [_thread_blocked, id=33496, stack(0x000000c283b00000,0x000000c283c00000)]
  0x0000028d88bc2800 JavaThread "C2 CompilerThread4" daemon [_thread_blocked, id=38344, stack(0x000000c283a00000,0x000000c283b00000)]
  0x0000028d88bb5800 JavaThread "C2 CompilerThread3" daemon [_thread_blocked, id=17548, stack(0x000000c283900000,0x000000c283a00000)]
  0x0000028d88bb5000 JavaThread "C2 CompilerThread2" daemon [_thread_blocked, id=31456, stack(0x000000c283800000,0x000000c283900000)]
  0x0000028d88bb2000 JavaThread "C2 CompilerThread1" daemon [_thread_blocked, id=1264, stack(0x000000c283700000,0x000000c283800000)]
  0x0000028d88baf000 JavaThread "C2 CompilerThread0" daemon [_thread_blocked, id=37472, stack(0x000000c283600000,0x000000c283700000)]
  0x0000028d889d5000 JavaThread "JDWP Command Reader" daemon [_thread_in_native, id=36836, stack(0x000000c283500000,0x000000c283600000)]
  0x0000028d889ca800 JavaThread "JDWP Event Helper Thread" daemon [_thread_blocked, id=35380, stack(0x000000c283400000,0x000000c283500000)]
  0x0000028d889c8800 JavaThread "JDWP Transport Listener: dt_socket" daemon [_thread_blocked, id=16544, stack(0x000000c283300000,0x000000c283400000)]
  0x0000028d889a7000 JavaThread "Attach Listener" daemon [_thread_blocked, id=29820, stack(0x000000c283200000,0x000000c283300000)]
  0x0000028d889a4000 JavaThread "Signal Dispatcher" daemon [_thread_blocked, id=27836, stack(0x000000c283100000,0x000000c283200000)]
  0x0000028d85ca2000 JavaThread "Finalizer" daemon [_thread_blocked, id=25932, stack(0x000000c283000000,0x000000c283100000)]
  0x0000028d85c97800 JavaThread "Reference Handler" daemon [_thread_blocked, id=26408, stack(0x000000c282f00000,0x000000c283000000)]
  0x0000028ded92c000 JavaThread "main" [_thread_in_Java, id=35524, stack(0x000000c282000000,0x000000c282100000)]

Other Threads:
  0x0000028d85c90000 VMThread [stack: 0x000000c282e00000,0x000000c282f00000] [id=8028]
  0x0000028d88cb3000 WatcherThread [stack: 0x000000c284300000,0x000000c284400000] [id=8944]

VM state:not at safepoint (normal execution)

VM Mutex/Monitor currently owned by a thread: None

heap address: 0x000000070aa00000, size: 2902 MB, Compressed Oops mode: Zero based, Oop shift amount: 3
Narrow klass base: 0x0000000000000000, Narrow klass shift: 3
Compressed class space size: 1073741824 Address: 0x00000007c0000000

Heap:
 PSYoungGen      total 394752K, used 280938K [0x0000000783900000, 0x00000007a8e00000, 0x00000007c0000000)
  eden space 195072K, 60% used [0x0000000783900000,0x000000078abfab38,0x000000078f780000)
  from space 199680K, 81% used [0x000000079bf80000,0x00000007a5ee0000,0x00000007a8280000)
  to   space 204800K, 0% used [0x000000078f780000,0x000000078f780000,0x000000079bf80000)
 ParOldGen       total 316416K, used 58645K [0x000000070aa00000, 0x000000071df00000, 0x0000000783900000)
  object space 316416K, 18% used [0x000000070aa00000,0x000000070e345678,0x000000071df00000)
 Metaspace       used 15484K, capacity 15672K, committed 15872K, reserved 1062912K
  class space    used 1677K, capacity 1745K, committed 1792K, reserved 1048576K

Card table byte_map: [0x0000028dfe730000,0x0000028dfece0000] byte_map_base: 0x0000028dfaedb000

Marking Bits: (ParMarkBitMap*) 0x00000000654fb090
 Begin Bits: [0x0000028d80000000, 0x0000028d82d58000)
 End Bits:   [0x0000028d82d58000, 0x0000028d85ab0000)

Polling page: 0x0000028deda60000

CodeCache: size=245760Kb used=7750Kb max_used=7750Kb free=238009Kb
 bounds [0x0000028def370000, 0x0000028defb10000, 0x0000028dfe370000]
 total_blobs=1973 nmethods=1444 adapters=448
 compilation: enabled

Compilation events (10 events):
Event: 15.712 Thread 0x0000028d88bcd000 nmethod 1446 0x0000028defaff590 code [0x0000028defaff900, 0x0000028defb01a40]
Event: 15.713 Thread 0x0000028d88bd1800 1452  s    3       java.util.Vector::removeElementAt (115 bytes)
Event: 15.713 Thread 0x0000028d88bd2800 1453  s    3       java.util.Stack::peek (25 bytes)
Event: 15.713 Thread 0x0000028d88bcc800 1454  s    3       java.util.Stack::pop (19 bytes)
Event: 15.713 Thread 0x0000028d88bd2800 nmethod 1453 0x0000028defaf5310 code [0x0000028defaf54a0, 0x0000028defaf5b20]
Event: 15.713 Thread 0x0000028d88bcc800 nmethod 1454 0x0000028defafe3d0 code [0x0000028defafe5a0, 0x0000028defaff150]
Event: 15.714 Thread 0x0000028d88bd1800 nmethod 1452 0x0000028defb07b10 code [0x0000028defb07d60, 0x0000028defb08b90]
Event: 15.714 Thread 0x0000028d88bd3000 1455  s    4       java.io.BufferedInputStream::read (113 bytes)
Event: 15.718 Thread 0x0000028d88bcd000 1456       3       java.util.Stack::<init> (5 bytes)
Event: 15.719 Thread 0x0000028d88bcd000 nmethod 1456 0x0000028def670150 code [0x0000028def6702c0, 0x0000028def670530]

GC Heap History (10 events):
Event: 14.267 GC heap before
{Heap before GC invocations=52 (full 12):
 PSYoungGen      total 399872K, used 162390K [0x0000000783900000, 0x00000007a8e00000, 0x00000007c0000000)
  eden space 195072K, 0% used [0x0000000783900000,0x0000000783900000,0x000000078f780000)
  from space 204800K, 79% used [0x000000078f780000,0x0000000799615830,0x000000079bf80000)
  to   space 199680K, 0% used [0x000000079bf80000,0x000000079bf80000,0x00000007a8280000)
 ParOldGen       total 316416K, used 193863K [0x000000070aa00000, 0x000000071df00000, 0x0000000783900000)
  object space 316416K, 61% used [0x000000070aa00000,0x0000000716751ff8,0x000000071df00000)
 Metaspace       used 15479K, capacity 15672K, committed 15872K, reserved 1062912K
  class space    used 1677K, capacity 1745K, committed 1792K, reserved 1048576K
Event: 14.318 GC heap after
Heap after GC invocations=52 (full 12):
 PSYoungGen      total 399872K, used 0K [0x0000000783900000, 0x00000007a8e00000, 0x00000007c0000000)
  eden space 195072K, 0% used [0x0000000783900000,0x0000000783900000,0x000000078f780000)
  from space 204800K, 0% used [0x000000078f780000,0x000000078f780000,0x000000079bf80000)
  to   space 199680K, 0% used [0x000000079bf80000,0x000000079bf80000,0x00000007a8280000)
 ParOldGen       total 316416K, used 44451K [0x000000070aa00000, 0x000000071df00000, 0x0000000783900000)
  object space 316416K, 14% used [0x000000070aa00000,0x000000070d568fa0,0x000000071df00000)
 Metaspace       used 15479K, capacity 15672K, committed 15872K, reserved 1062912K
  class space    used 1677K, capacity 1745K, committed 1792K, reserved 1048576K
}
Event: 14.578 GC heap before
{Heap before GC invocations=53 (full 12):
 PSYoungGen      total 399872K, used 195072K [0x0000000783900000, 0x00000007a8e00000, 0x00000007c0000000)
  eden space 195072K, 100% used [0x0000000783900000,0x000000078f780000,0x000000078f780000)
  from space 204800K, 0% used [0x000000078f780000,0x000000078f780000,0x000000079bf80000)
  to   space 199680K, 0% used [0x000000079bf80000,0x000000079bf80000,0x00000007a8280000)
 ParOldGen       total 316416K, used 44451K [0x000000070aa00000, 0x000000071df00000, 0x0000000783900000)
  object space 316416K, 14% used [0x000000070aa00000,0x000000070d568fa0,0x000000071df00000)
 Metaspace       used 15479K, capacity 15672K, committed 15872K, reserved 1062912K
  class space    used 1677K, capacity 1745K, committed 1792K, reserved 1048576K
Event: 14.644 GC heap after
Heap after GC invocations=53 (full 12):
 PSYoungGen      total 394752K, used 163232K [0x0000000783900000, 0x00000007a8e00000, 0x00000007c0000000)
  eden space 195072K, 0% used [0x0000000783900000,0x0000000783900000,0x000000078f780000)
  from space 199680K, 81% used [0x000000079bf80000,0x00000007a5ee8000,0x00000007a8280000)
  to   space 204800K, 0% used [0x000000078f780000,0x000000078f780000,0x000000079bf80000)
 ParOldGen       total 316416K, used 44451K [0x000000070aa00000, 0x000000071df00000, 0x0000000783900000)
  object space 316416K, 14% used [0x000000070aa00000,0x000000070d568fa0,0x000000071df00000)
 Metaspace       used 15479K, capacity 15672K, committed 15872K, reserved 1062912K
  class space    used 1677K, capacity 1745K, committed 1792K, reserved 1048576K
}
Event: 14.990 GC heap before
{Heap before GC invocations=54 (full 12):
 PSYoungGen      total 394752K, used 358304K [0x0000000783900000, 0x00000007a8e00000, 0x00000007c0000000)
  eden space 195072K, 100% used [0x0000000783900000,0x000000078f780000,0x000000078f780000)
  from space 199680K, 81% used [0x000000079bf80000,0x00000007a5ee8000,0x00000007a8280000)
  to   space 204800K, 0% used [0x000000078f780000,0x000000078f780000,0x000000079bf80000)
 ParOldGen       total 316416K, used 44451K [0x000000070aa00000, 0x000000071df00000, 0x0000000783900000)
  object space 316416K, 14% used [0x000000070aa00000,0x000000070d568fa0,0x000000071df00000)
 Metaspace       used 15479K, capacity 15672K, committed 15872K, reserved 1062912K
  class space    used 1677K, capacity 1745K, committed 1792K, reserved 1048576K
Event: 15.122 GC heap after
Heap after GC invocations=54 (full 12):
 PSYoungGen      total 399872K, used 162326K [0x0000000783900000, 0x00000007a8e00000, 0x00000007c0000000)
  eden space 195072K, 0% used [0x0000000783900000,0x0000000783900000,0x000000078f780000)
  from space 204800K, 79% used [0x000000078f780000,0x0000000799605830,0x000000079bf80000)
  to   space 199680K, 0% used [0x000000079bf80000,0x000000079bf80000,0x00000007a8280000)
 ParOldGen       total 316416K, used 208067K [0x000000070aa00000, 0x000000071df00000, 0x0000000783900000)
  object space 316416K, 65% used [0x000000070aa00000,0x0000000717530fa0,0x000000071df00000)
 Metaspace       used 15479K, capacity 15672K, committed 15872K, reserved 1062912K
  class space    used 1677K, capacity 1745K, committed 1792K, reserved 1048576K
}
Event: 15.122 GC heap before
{Heap before GC invocations=55 (full 13):
 PSYoungGen      total 399872K, used 162326K [0x0000000783900000, 0x00000007a8e00000, 0x00000007c0000000)
  eden space 195072K, 0% used [0x0000000783900000,0x0000000783900000,0x000000078f780000)
  from space 204800K, 79% used [0x000000078f780000,0x0000000799605830,0x000000079bf80000)
  to   space 199680K, 0% used [0x000000079bf80000,0x000000079bf80000,0x00000007a8280000)
 ParOldGen       total 316416K, used 208067K [0x000000070aa00000, 0x000000071df00000, 0x0000000783900000)
  object space 316416K, 65% used [0x000000070aa00000,0x0000000717530fa0,0x000000071df00000)
 Metaspace       used 15479K, capacity 15672K, committed 15872K, reserved 1062912K
  class space    used 1677K, capacity 1745K, committed 1792K, reserved 1048576K
Event: 15.184 GC heap after
Heap after GC invocations=55 (full 13):
 PSYoungGen      total 399872K, used 0K [0x0000000783900000, 0x00000007a8e00000, 0x00000007c0000000)
  eden space 195072K, 0% used [0x0000000783900000,0x0000000783900000,0x000000078f780000)
  from space 204800K, 0% used [0x000000078f780000,0x000000078f780000,0x000000079bf80000)
  to   space 199680K, 0% used [0x000000079bf80000,0x000000079bf80000,0x00000007a8280000)
 ParOldGen       total 316416K, used 58645K [0x000000070aa00000, 0x000000071df00000, 0x0000000783900000)
  object space 316416K, 18% used [0x000000070aa00000,0x000000070e345678,0x000000071df00000)
 Metaspace       used 15479K, capacity 15672K, committed 15872K, reserved 1062912K
  class space    used 1677K, capacity 1745K, committed 1792K, reserved 1048576K
}
Event: 15.436 GC heap before
{Heap before GC invocations=56 (full 13):
 PSYoungGen      total 399872K, used 195072K [0x0000000783900000, 0x00000007a8e00000, 0x00000007c0000000)
  eden space 195072K, 100% used [0x0000000783900000,0x000000078f780000,0x000000078f780000)
  from space 204800K, 0% used [0x000000078f780000,0x000000078f780000,0x000000079bf80000)
  to   space 199680K, 0% used [0x000000079bf80000,0x000000079bf80000,0x00000007a8280000)
 ParOldGen       total 316416K, used 58645K [0x000000070aa00000, 0x000000071df00000, 0x0000000783900000)
  object space 316416K, 18% used [0x000000070aa00000,0x000000070e345678,0x000000071df00000)
 Metaspace       used 15479K, capacity 15672K, committed 15872K, reserved 1062912K
  class space    used 1677K, capacity 1745K, committed 1792K, reserved 1048576K
Event: 15.518 GC heap after
Heap after GC invocations=56 (full 13):
 PSYoungGen      total 394752K, used 163200K [0x0000000783900000, 0x00000007a8e00000, 0x00000007c0000000)
  eden space 195072K, 0% used [0x0000000783900000,0x0000000783900000,0x000000078f780000)
  from space 199680K, 81% used [0x000000079bf80000,0x00000007a5ee0000,0x00000007a8280000)
  to   space 204800K, 0% used [0x000000078f780000,0x000000078f780000,0x000000079bf80000)
 ParOldGen       total 316416K, used 58645K [0x000000070aa00000, 0x000000071df00000, 0x0000000783900000)
  object space 316416K, 18% used [0x000000070aa00000,0x000000070e345678,0x000000071df00000)
 Metaspace       used 15479K, capacity 15672K, committed 15872K, reserved 1062912K
  class space    used 1677K, capacity 1745K, committed 1792K, reserved 1048576K
}

Deoptimization events (10 events):
Event: 3.212 Thread 0x0000028ded92c000 Uncommon trap: reason=unstable_if action=reinterpret pc=0x0000028def998400 method=com.sun.imageio.plugins.png.PNGImageReader.decodePass(IIIIIII)V @ 684
Event: 5.979 Thread 0x0000028ded92c000 Uncommon trap: reason=unreached action=reinterpret pc=0x0000028defa0c1e4 method=ijaux.moments.zernike.ZernikeMoment.extractZernikeMoment(Lij/process/ImageProcessor;)Lijaux/datatype/ComplexArray; @ 491
Event: 6.062 Thread 0x0000028ded92c000 Uncommon trap: reason=unstable_if action=reinterpret pc=0x0000028defa291fc method=ij.process.ShortStatistics.calculateMoments(Lij/process/ImageProcessor;II[F)V @ 56
Event: 6.069 Thread 0x0000028ded92c000 Uncommon trap: reason=unstable_if action=reinterpret pc=0x0000028def9636c0 method=java.awt.image.ComponentSampleModel.getPixel(II[ILjava/awt/image/DataBuffer;)[I @ 35
Event: 7.073 Thread 0x0000028ded92c000 Uncommon trap: reason=intrinsic action=make_not_entrant pc=0x0000028defa6ea94 method=activeSegmentation.moment.LegendreMoments_elm.extractLegendreMoment(Lij/process/ImageProcessor;)[[D @ 389
Event: 9.884 Thread 0x0000028ded92c000 Uncommon trap: reason=unstable_if action=reinterpret pc=0x0000028defa98bbc method=ijaux.moments.zernike.ZernikeMoment.extractZernikeMoment(Lij/process/ImageProcessor;)Lijaux/datatype/ComplexArray; @ 350
Event: 10.009 Thread 0x0000028ded92c000 Uncommon trap: reason=intrinsic action=make_not_entrant pc=0x0000028defaa1240 method=activeSegmentation.moment.LegendreMoments_elm.extractLegendreMoment(Lij/process/ImageProcessor;)[[D @ 215
Event: 10.009 Thread 0x0000028ded92c000 Uncommon trap: reason=intrinsic action=make_not_entrant pc=0x0000028defa951b8 method=activeSegmentation.moment.LegendreMoments_elm.extractLegendreMoment(Lij/process/ImageProcessor;)[[D @ 215
Event: 10.737 Thread 0x0000028ded92c000 Uncommon trap: reason=intrinsic action=make_not_entrant pc=0x0000028defab4f40 method=activeSegmentation.moment.LegendreMoments_elm.extractLegendreMoment(Lij/process/ImageProcessor;)[[D @ 229
Event: 11.570 Thread 0x0000028ded92c000 Uncommon trap: reason=intrinsic action=make_not_entrant pc=0x0000028defac2bd8 method=activeSegmentation.moment.LegendreMoments_elm.extractLegendreMoment(Lij/process/ImageProcessor;)[[D @ 404

Classes redefined (0 events):
No events

Internal exceptions (10 events):
Event: 0.288 Thread 0x0000028ded92c000 Exception <a 'java/security/PrivilegedActionException'> (0x0000000783d2e950) thrown at [C:\jenkins\workspace\8-2-build-windows-x64-cygwin\jdk8u361\3183\hotspot\src\share\vm\prims\jvm.cpp, line 1513]
Event: 0.288 Thread 0x0000028ded92c000 Exception <a 'java/security/PrivilegedActionException'> (0x0000000783d2ed48) thrown at [C:\jenkins\workspace\8-2-build-windows-x64-cygwin\jdk8u361\3183\hotspot\src\share\vm\prims\jvm.cpp, line 1513]
Event: 0.476 Thread 0x0000028ded92c000 Exception <a 'java/io/FileNotFoundException'> (0x000000078438f100) thrown at [C:\jenkins\workspace\8-2-build-windows-x64-cygwin\jdk8u361\3183\hotspot\src\share\vm\prims\jni.cpp, line 710]
Event: 0.503 Thread 0x0000028ded92c000 Exception <a 'java/lang/NoSuchFieldError': method resolution failed> (0x00000007844b4bd0) thrown at [C:\jenkins\workspace\8-2-build-windows-x64-cygwin\jdk8u361\3183\hotspot\src\share\vm\prims\methodHandles.cpp, line 1188]
Event: 0.507 Thread 0x0000028ded92c000 Exception <a 'java/lang/NoSuchFieldError': method resolution failed> (0x00000007844c2988) thrown at [C:\jenkins\workspace\8-2-build-windows-x64-cygwin\jdk8u361\3183\hotspot\src\share\vm\prims\methodHandles.cpp, line 1188]
Event: 0.544 Thread 0x0000028ded92c000 Exception <a 'java/io/FileNotFoundException'> (0x0000000784893538) thrown at [C:\jenkins\workspace\8-2-build-windows-x64-cygwin\jdk8u361\3183\hotspot\src\share\vm\prims\jni.cpp, line 710]
Event: 0.900 Thread 0x0000028ded92c000 Implicit null exception at 0x0000028def79c599 to 0x0000028def79ca81
Event: 0.900 Thread 0x0000028ded92c000 Implicit null exception at 0x0000028def78b759 to 0x0000028def78bc15
Event: 3.196 Thread 0x0000028ded92c000 Implicit null exception at 0x0000028def96645e to 0x0000028def966d35
Event: 6.068 Thread 0x0000028ded92c000 Implicit null exception at 0x0000028def962fe1 to 0x0000028def96369d

Events (10 events):
Event: 15.436 Executing VM operation: ParallelGCFailedAllocation
Event: 15.518 Executing VM operation: ParallelGCFailedAllocation done
Event: 15.708 Thread 0x0000028d88bd1800 flushing nmethod 0x0000028def6632d0
Event: 15.708 Thread 0x0000028d88bd1800 flushing nmethod 0x0000028def66ee90
Event: 15.708 Thread 0x0000028d88bd1800 flushing nmethod 0x0000028def66f810
Event: 15.708 Thread 0x0000028d88bd1800 flushing nmethod 0x0000028def670010
Event: 15.708 Thread 0x0000028d88bd1800 flushing nmethod 0x0000028def671910
Event: 15.709 Thread 0x0000028d88bd2800 flushing nmethod 0x0000028def6b5c50
Event: 15.712 Executing VM operation: RevokeBias
Event: 15.712 Executing VM operation: RevokeBias done


Dynamic libraries:
0x00007ff69e380000 - 0x00007ff69e3c7000 	C:\Program Files\Java\jre1.8.0_361\bin\javaw.exe
0x00007fff4b910000 - 0x00007fff4bb08000 	C:\windows\SYSTEM32\ntdll.dll
0x00007fff4b3b0000 - 0x00007fff4b46f000 	C:\windows\System32\KERNEL32.DLL
0x00007fff490a0000 - 0x00007fff49396000 	C:\windows\System32\KERNELBASE.dll
0x00007fff49a60000 - 0x00007fff49b0f000 	C:\windows\System32\ADVAPI32.dll
0x00007fff4aa20000 - 0x00007fff4aabe000 	C:\windows\System32\msvcrt.dll
0x00007fff4b540000 - 0x00007fff4b5dc000 	C:\windows\System32\sechost.dll
0x00007fff4a590000 - 0x00007fff4a6b6000 	C:\windows\System32\RPCRT4.dll
0x00007fff4a7a0000 - 0x00007fff4a93d000 	C:\windows\System32\USER32.dll
0x00007fff497d0000 - 0x00007fff497f2000 	C:\windows\System32\win32u.dll
0x00007fff49970000 - 0x00007fff4999c000 	C:\windows\System32\GDI32.dll
0x00007fff49800000 - 0x00007fff49915000 	C:\windows\System32\gdi32full.dll
0x00007fff493a0000 - 0x00007fff4943d000 	C:\windows\System32\msvcp_win.dll
0x00007fff496d0000 - 0x00007fff497d0000 	C:\windows\System32\ucrtbase.dll
0x00007fff2ddf0000 - 0x00007fff2e08a000 	C:\windows\WinSxS\amd64_microsoft.windows.common-controls_6595b64144ccf1df_6.0.19041.1110_none_60b5254171f9507e\COMCTL32.dll
0x00007fff49b10000 - 0x00007fff49b40000 	C:\windows\System32\IMM32.DLL
0x00007fff35650000 - 0x00007fff35665000 	C:\Program Files\Java\jre1.8.0_361\bin\vcruntime140.dll
0x00007fff0cc80000 - 0x00007fff0cd1b000 	C:\Program Files\Java\jre1.8.0_361\bin\msvcp140.dll
0x0000000064d10000 - 0x0000000065573000 	C:\Program Files\Java\jre1.8.0_361\bin\server\jvm.dll
0x00007fff4aa10000 - 0x00007fff4aa18000 	C:\windows\System32\PSAPI.DLL
0x00007fff3fc40000 - 0x00007fff3fc4a000 	C:\windows\SYSTEM32\VERSION.dll
0x00007ffeed3a0000 - 0x00007ffeed3a9000 	C:\windows\SYSTEM32\WSOCK32.dll
0x00007fff4aac0000 - 0x00007fff4ab2b000 	C:\windows\System32\WS2_32.dll
0x00007fff3fc50000 - 0x00007fff3fc77000 	C:\windows\SYSTEM32\WINMM.dll
0x00007fff477f0000 - 0x00007fff47802000 	C:\windows\SYSTEM32\kernel.appcore.dll
0x00007fff45ce0000 - 0x00007fff45cf0000 	C:\Program Files\Java\jre1.8.0_361\bin\verify.dll
0x00007fff22bb0000 - 0x00007fff22bdb000 	C:\Program Files\Java\jre1.8.0_361\bin\java.dll
0x00007fff41d70000 - 0x00007fff41da6000 	C:\Program Files\Java\jre1.8.0_361\bin\jdwp.dll
0x00007fff42120000 - 0x00007fff42129000 	C:\Program Files\Java\jre1.8.0_361\bin\npt.dll
0x00007fff37190000 - 0x00007fff371c0000 	C:\Program Files\Java\jre1.8.0_361\bin\instrument.dll
0x00007fff31800000 - 0x00007fff31818000 	C:\Program Files\Java\jre1.8.0_361\bin\zip.dll
0x00007fff4ab30000 - 0x00007fff4b274000 	C:\windows\System32\SHELL32.dll
0x00007fff47050000 - 0x00007fff477e3000 	C:\windows\SYSTEM32\windows.storage.dll
0x00007fff49ba0000 - 0x00007fff49ef4000 	C:\windows\System32\combase.dll
0x00007fff48a50000 - 0x00007fff48a7e000 	C:\windows\SYSTEM32\Wldp.dll
0x00007fff4b5e0000 - 0x00007fff4b68d000 	C:\windows\System32\SHCORE.dll
0x00007fff49f00000 - 0x00007fff49f55000 	C:\windows\System32\shlwapi.dll
0x00007fff48f30000 - 0x00007fff48f4f000 	C:\windows\SYSTEM32\profapi.dll
0x00007fff37180000 - 0x00007fff3718a000 	C:\Program Files\Java\jre1.8.0_361\bin\dt_socket.dll
0x00007fff2b430000 - 0x00007fff2b447000 	C:\windows\system32\napinsp.dll
0x00007fff29440000 - 0x00007fff2945b000 	C:\windows\system32\pnrpnsp.dll
0x00007fff43a00000 - 0x00007fff43a15000 	C:\windows\system32\wshbth.dll
0x00007fff438b0000 - 0x00007fff438cd000 	C:\windows\system32\NLAapi.dll
0x00007fff48430000 - 0x00007fff4846c000 	C:\windows\SYSTEM32\IPHLPAPI.DLL
0x00007fff48760000 - 0x00007fff487ca000 	C:\windows\System32\mswsock.dll
0x00007fff48470000 - 0x00007fff4853b000 	C:\windows\SYSTEM32\DNSAPI.dll
0x00007fff49a50000 - 0x00007fff49a58000 	C:\windows\System32\NSI.dll
0x00007fff29420000 - 0x00007fff29432000 	C:\windows\System32\winrnr.dll
0x00007fff416c0000 - 0x00007fff41742000 	C:\windows\System32\fwpuclnt.dll
0x00007fff494b0000 - 0x00007fff494d7000 	C:\windows\System32\bcrypt.dll
0x00007fff41c80000 - 0x00007fff41c8a000 	C:\Windows\System32\rasadhlp.dll
0x00007fff07a80000 - 0x00007fff07c15000 	C:\Program Files\Java\jre1.8.0_361\bin\awt.dll
0x00007fff4b470000 - 0x00007fff4b53d000 	C:\windows\System32\OLEAUT32.dll
0x00007fff46320000 - 0x00007fff463b1000 	C:\windows\SYSTEM32\apphelp.dll
0x00007fff46a00000 - 0x00007fff46a2f000 	C:\windows\system32\DWMAPI.DLL
0x00007fff464e0000 - 0x00007fff4657e000 	C:\windows\system32\uxtheme.dll
0x00007ffee8e30000 - 0x00007ffee8f55000 	C:\windows\system32\opengl32.dll
0x00007ffee8e00000 - 0x00007ffee8e2c000 	C:\windows\SYSTEM32\GLU32.dll
0x00007fff4a470000 - 0x00007fff4a584000 	C:\windows\System32\MSCTF.dll
0x00007fff4b280000 - 0x00007fff4b3aa000 	C:\windows\System32\ole32.dll
0x00007fff494e0000 - 0x00007fff49562000 	C:\windows\System32\bcryptPrimitives.dll
0x00007fff04e90000 - 0x00007fff0505d000 	C:\windows\system32\d3d9.dll
0x00007fff3fc80000 - 0x00007fff3fe5b000 	C:\windows\System32\DriverStore\FileRepository\u0365670.inf_amd64_7f2ed3a1305c13a8\B365528\aticfx64.dll
0x00007fff34dc0000 - 0x00007fff34df3000 	C:\windows\System32\DriverStore\FileRepository\u0365670.inf_amd64_7f2ed3a1305c13a8\B365528\atiu9p64.dll
0x00007fff04160000 - 0x00007fff04e81000 	C:\windows\System32\DriverStore\FileRepository\u0365670.inf_amd64_7f2ed3a1305c13a8\B365528\atiumd64.dll
0x00007fff46710000 - 0x00007fff468f4000 	C:\windows\SYSTEM32\dbghelp.dll
0x00007fff358f0000 - 0x00007fff35924000 	C:\windows\SYSTEM32\dbgcore.DLL
0x0000000065950000 - 0x0000000066812000 	C:\windows\System32\DriverStore\FileRepository\u0365670.inf_amd64_7f2ed3a1305c13a8\B365528\atiumd6a.dll
0x00007fff487d0000 - 0x00007fff4881b000 	C:\windows\SYSTEM32\POWRPROF.dll
0x00007fff48740000 - 0x00007fff48752000 	C:\windows\SYSTEM32\UMPDC.dll
0x00007fff3cc90000 - 0x00007fff3ccc0000 	C:\windows\SYSTEM32\amdihk64.dll
0x00007fff40a00000 - 0x00007fff40a3b000 	C:\windows\SYSTEM32\dxcore.dll
0x00007fff49920000 - 0x00007fff4996e000 	C:\windows\System32\cfgmgr32.dll
0x00007fff22b60000 - 0x00007fff22baa000 	C:\Program Files\Java\jre1.8.0_361\bin\fontmanager.dll
0x00007fff2afe0000 - 0x00007fff2affc000 	C:\Program Files\Java\jre1.8.0_361\bin\net.dll
0x00007fff21fd0000 - 0x00007fff21fe3000 	C:\Program Files\Java\jre1.8.0_361\bin\nio.dll
0x00007fff17a10000 - 0x00007fff17a53000 	C:\Program Files\Java\jre1.8.0_361\bin\t2k.dll
0x00007fff31600000 - 0x00007fff316fa000 	C:\windows\SYSTEM32\textinputframework.dll
0x00007fff45d90000 - 0x00007fff460ee000 	C:\windows\System32\CoreUIComponents.dll
0x00007fff460f0000 - 0x00007fff461e2000 	C:\windows\System32\CoreMessaging.dll
0x00007fff44db0000 - 0x00007fff44f04000 	C:\windows\SYSTEM32\wintypes.dll
0x00007fff48180000 - 0x00007fff481b3000 	C:\windows\SYSTEM32\ntmarta.dll
0x00007fff1f050000 - 0x00007fff1f0b6000 	C:\windows\system32\Oleacc.dll
0x00007fff499a0000 - 0x00007fff49a49000 	C:\windows\System32\clbcatq.dll
0x00007fff42730000 - 0x00007fff428e4000 	C:\windows\SYSTEM32\WindowsCodecs.dll
0x00007fff1a630000 - 0x00007fff1a66e000 	C:\windows\system32\dataexchange.dll
0x00007fff45740000 - 0x00007fff45923000 	C:\windows\system32\dcomp.dll
0x00007fff44f10000 - 0x00007fff45173000 	C:\windows\system32\d3d11.dll
0x00007fff479a0000 - 0x00007fff47a93000 	C:\windows\system32\dxgi.dll
0x00007fff42a80000 - 0x00007fff42c80000 	C:\windows\system32\twinapi.appcore.dll

VM Arguments:
jvm_args: -agentlib:jdwp=transport=dt_socket,suspend=y,address=localhost:6724 -javaagent:C:\Users\aarya\eclipse\java-2023-03\eclipse\configuration\org.eclipse.osgi\231\0\.cp\lib\javaagent-shaded.jar -Dfile.encoding=UTF-8 
java_command: test.TestOnlineCells
java_class_path (initial): C:\Users\aarya\Desktop\gsoc23\ACTIVESEGMENTATION\bin;C:\Users\aarya\Desktop\gsoc23\ACTIVESEGMENTATION\jars\Auto_Threshold.jar;C:\Users\aarya\Desktop\gsoc23\ACTIVESEGMENTATION\jars\BeanShell.jar;C:\Users\aarya\Desktop\gsoc23\ACTIVESEGMENTATION\jars\chiSquaredAttributeEval.jar;C:\Users\aarya\Desktop\gsoc23\ACTIVESEGMENTATION\jars\dsplib-1-0.jar;C:\Users\aarya\Desktop\gsoc23\ACTIVESEGMENTATION\jars\fastCorrBasedFS.jar;C:\Users\aarya\Desktop\gsoc23\ACTIVESEGMENTATION\jars\FastRandomForest_0.99.jar;C:\Users\aarya\Desktop\gsoc23\ACTIVESEGMENTATION\jars\fftscale-1-0.jar;C:\Users\aarya\Desktop\gsoc23\ACTIVESEGMENTATION\jars\jackson-annotations-2.3.1.jar;C:\Users\aarya\Desktop\gsoc23\ACTIVESEGMENTATION\jars\jackson-core-2.3.1.jar;C:\Users\aarya\Desktop\gsoc23\ACTIVESEGMENTATION\jars\jackson-databind-2.3.1.jar;C:\Users\aarya\Desktop\gsoc23\ACTIVESEGMENTATION\jars\java-cup-0.11a.jar;C:\Users\aarya\Desktop\gsoc23\ACTIVESEGMENTATION\jars\jcommon-1.0.23.jar;C:\Users\aarya\Desktop\gsoc23\ACTIVESEGMENTATION\jars\jfreechart-1.0.19.jar;C:\Users\aarya\Desktop\gsoc23\ACTIVESEGMENTATION\jars\mtj-1.0.4.jar;C:\Users\aarya\Desktop\gsoc23\ACTIVESEGMENTATION\jars\pentaho-package-manager-1.0.8.jar;C:\Users\aarya\Desktop\gsoc23\ACTIVESEGMENTATION\jars\pixlib-1-0.jar;C:\Users\aarya\Desktop\gsoc23\ACTIVESEGMENTATION\jars\scale-1-0.jar;C:\Users\aarya\Desktop\gsoc23\ACTIVESEGMENTATION\jars\sqlite-jdbc-3.36.0.3.jar;C:\Users\aarya\Desktop\gsoc23\ACTIVESEGMENTATION\jars\SVMAttributeEval-1.0.1.jar;C:\Users\aarya\Desktop\gsoc23\ACTIVESEGMENTATION\jars\weka.jar;C:\Users\aarya\Downloads\ImageJ\ij.jar;C:\Users\aarya\eclipse\java-2023-03\eclipse\configuration\org.eclipse.osgi\231\0\.cp\lib\javaagent-shaded.jar
Launcher Type: SUN_STANDARD

Environment Variables:
JAVA_HOME=C:\Program Files\Java\jdk1.8.0_311
PATH=C:/Users/aarya/.p2/pool/plugins/org.eclipse.justj.openjdk.hotspot.jre.full.win32.x86_64_17.0.6.v20230204-1729/jre/bin/server;C:/Users/aarya/.p2/pool/plugins/org.eclipse.justj.openjdk.hotspot.jre.full.win32.x86_64_17.0.6.v20230204-1729/jre/bin;C:\Program Files\Java\jdk1.8.0_311\bin;C:\Program Files\Common Files\Oracle\Java\javapath;C:\Program Files (x86)\Common Files\Oracle\Java\javapath;C:\Program Files\Python311\Scripts\;C:\Program Files\Python311\;C:\Users\aarya\AppData\Local\Programs\Python\Python39\Scripts;C:\Users\aarya\AppData\Local\Programs\Python\Python311\Scripts;C:\Users\aarya\AppData\Roaming\Python\Python311\Scripts;C:\Program Files\Git\bin;C:\Users\aarya\AppData\Roaming\nvm;C:\Program Files\nodejs;C:\Users\aarya\Documents\geckodriver-v0.32.0-win32;C:\Program Files\Mozilla Firefox;C:\windows\system32;C:\Program Files\Docker\Docker\resources\bin;C:\Program Files\CMake\bin;C:\Program Files\doxygen\bin;C:\sqlite;C:\Users\aarya\Downloads\apache-maven-3.9.1\bin;C:\Program Files\MySQL\MySQL Shell 8.0\bin\;C:\Users\aarya\AppData\Local\Microsoft\WindowsApps;C:\Users\aarya\AppData\Local\Programs\Microsoft VS Code\bin;C:\Users\aarya\AppData\Local\Microsoft\WindowsApps\Scripts;C:\Users\aarya\AppData\Local\Yarn\bin;C:\Users\aarya\AppData\Roaming\npm;C:\Users\aarya\Desktop\SIGBOTPROS\Resources\pros-toolchain-w64-3.0.1-standalone\usr;C:\Program Files\Python311\Scripts\;C:\Users\aarya\AppData\Local\GitHubDesktop\bin;C:\Users\aarya\AppData\Roaming\nvm;C:\Program Files\nodejs;C:\windows\system32;
USERNAME=aarya
OS=Windows_NT
PROCESSOR_IDENTIFIER=AMD64 Family 23 Model 104 Stepping 1, AuthenticAMD



---------------  S Y S T E M  ---------------

OS: Windows 10 , 64 bit Build 19041 (10.0.19041.2913)

CPU:total 16 (initial active 16) (16 cores per cpu, 1 threads per core) family 23 model 104 stepping 1, cmov, cx8, fxsr, mmx, sse, sse2, sse3, ssse3, sse4.1, sse4.2, popcnt, avx, avx2, aes, clmul, mmxext, 3dnowpref, lzcnt, sse4a, tsc, tscinvbit, tscinv, bmi1

Memory: 4k page, physical 11878652k(735092k free), swap 47530236k(8k free)

vm_info: Java HotSpot(TM) 64-Bit Server VM (25.361-b09) for windows-amd64 JRE (1.8.0_361-b09), built on Jan  9 2023 08:38:53 by "java_re" with MS VC++ 15.9 (VS2017)

time: Tue May 30 05:15:00 2023
timezone: Arab Standard Time
elapsed time: 15.752328 seconds (0d 0h 0m 15s)

